<?xml version="1.0" encoding="UTF-8"?>
<!-- Generated by org.testng.reporters.JUnitReportReporter -->
<testsuite hostname="Subhash-PC" failures="0" tests="11" name="api.swagger.testCases.UserTestUsingTestData" time="14.260" errors="0" timestamp="2023-08-30T14:08:34 IST" skipped="0">
  <testcase classname="api.swagger.testCases.UserTestUsingTestData" name="testCreateUser" time="1.006"/>
  <system-out/>
  <testcase classname="api.swagger.testCases.UserTestUsingTestData" name="testCreateUser" time="3.071"/>
  <system-out/>
  <testcase classname="api.swagger.testCases.UserTestUsingTestData" name="testGetUser" time="1.045"/>
  <system-out/>
  <testcase classname="api.swagger.testCases.UserTestUsingTestData" name="testGetUser" time="1.085"/>
  <system-out/>
  <testcase classname="api.swagger.testCases.UserTestUsingTestData" name="testUpdateUser" time="1.371"/>
  <system-out/>
  <testcase classname="api.swagger.testCases.UserTestUsingTestData" name="testUpdateUser" time="1.438"/>
  <system-out/>
  <testcase classname="api.swagger.testCases.UserTestUsingTestData" name="testLoginUser" time="1.031"/>
  <system-out/>
  <testcase classname="api.swagger.testCases.UserTestUsingTestData" name="testLoginUser" time="1.165"/>
  <system-out/>
  <testcase classname="api.swagger.testCases.UserTestUsingTestData" name="testDeleteUser" time="1.045"/>
  <system-out/>
  <testcase classname="api.swagger.testCases.UserTestUsingTestData" name="testDeleteUser" time="1.018"/>
  <system-out/>
  <testcase classname="api.swagger.testCases.UserTestUsingTestData" name="logoutUser" time="0.985"/>
  <system-out/>
</testsuite> <!-- api.swagger.testCases.UserTestUsingTestData -->
