<?xml version="1.0" encoding="UTF-8"?>
<!-- Generated by org.testng.reporters.JUnitReportReporter -->
<testsuite hostname="Subhash-PC" failures="0" tests="11" name="api.testCases.UserTestUsingTestData" time="19.809" errors="0" timestamp="2023-08-25T11:04:10 IST" skipped="0">
  <testcase classname="api.testCases.UserTestUsingTestData" name="testCreateUser" time="1.485"/>
  <system-out/>
  <testcase classname="api.testCases.UserTestUsingTestData" name="testCreateUser" time="4.098"/>
  <system-out/>
  <testcase classname="api.testCases.UserTestUsingTestData" name="testGetUser" time="1.536"/>
  <system-out/>
  <testcase classname="api.testCases.UserTestUsingTestData" name="testGetUser" time="1.536"/>
  <system-out/>
  <testcase classname="api.testCases.UserTestUsingTestData" name="testUpdateUser" time="1.663"/>
  <system-out/>
  <testcase classname="api.testCases.UserTestUsingTestData" name="testUpdateUser" time="1.535"/>
  <system-out/>
  <testcase classname="api.testCases.UserTestUsingTestData" name="testLoginUser" time="1.777"/>
  <system-out/>
  <testcase classname="api.testCases.UserTestUsingTestData" name="testLoginUser" time="1.540"/>
  <system-out/>
  <testcase classname="api.testCases.UserTestUsingTestData" name="testDeleteUser" time="1.573"/>
  <system-out/>
  <testcase classname="api.testCases.UserTestUsingTestData" name="testDeleteUser" time="1.635"/>
  <system-out/>
  <testcase classname="api.testCases.UserTestUsingTestData" name="logoutUser" time="1.431"/>
  <system-out/>
</testsuite> <!-- api.testCases.UserTestUsingTestData -->
