<?xml version="1.0" encoding="UTF-8"?>
<!-- Generated by org.testng.reporters.JUnitReportReporter -->
<testsuite hostname="Subhash-PC" failures="0" tests="4" name="api.testCases.StoreTest" time="6.426" errors="0" timestamp="2023-08-22T10:38:57 IST" skipped="0">
  <testcase classname="api.testCases.StoreTest" name="testOrderPlaced" time="1.522"/>
  <system-out/>
  <testcase classname="api.testCases.StoreTest" name="testgetOrder" time="1.534"/>
  <system-out/>
  <testcase classname="api.testCases.StoreTest" name="testInvotries" time="1.531"/>
  <system-out/>
  <testcase classname="api.testCases.StoreTest" name="testDelete" time="1.839"/>
  <system-out/>
</testsuite> <!-- api.testCases.StoreTest -->
