<?xml version="1.0" encoding="UTF-8"?>
<!-- Generated by org.testng.reporters.JUnitReportReporter -->
<testsuite hostname="Subhash-PC" failures="0" tests="4" name="api.swagger.testCases.StoreTest" time="5.907" errors="0" timestamp="2023-08-28T14:56:36 IST" skipped="0">
  <testcase classname="api.swagger.testCases.StoreTest" name="testOrderPlaced" time="1.413"/>
  <system-out/>
  <testcase classname="api.swagger.testCases.StoreTest" name="testgetOrder" time="1.533"/>
  <system-out/>
  <testcase classname="api.swagger.testCases.StoreTest" name="testInvotries" time="1.530"/>
  <system-out/>
  <testcase classname="api.swagger.testCases.StoreTest" name="testDelete" time="1.431"/>
  <system-out/>
</testsuite> <!-- api.swagger.testCases.StoreTest -->
