<?xml version="1.0" encoding="UTF-8"?>
<!-- Generated by org.testng.reporters.JUnitReportReporter -->
<testsuite hostname="Subhash-PC" failures="0" tests="6" name="api.swagger.testCases.UserTest" time="9.949" errors="0" timestamp="2023-08-28T14:56:36 IST" skipped="0">
  <testcase classname="api.swagger.testCases.UserTest" name="testCreateUser" time="3.675"/>
  <system-out/>
  <testcase classname="api.swagger.testCases.UserTest" name="testGetUser" time="1.172"/>
  <system-out/>
  <testcase classname="api.swagger.testCases.UserTest" name="testUpdateUser" time="1.248"/>
  <system-out/>
  <testcase classname="api.swagger.testCases.UserTest" name="testLoginUser" time="1.095"/>
  <system-out/>
  <testcase classname="api.swagger.testCases.UserTest" name="testDeleteUser" time="1.429"/>
  <system-out/>
  <testcase classname="api.swagger.testCases.UserTest" name="logoutUser" time="1.330"/>
  <system-out/>
</testsuite> <!-- api.swagger.testCases.UserTest -->
