<?xml version="1.0" encoding="UTF-8"?>
<!-- Generated by org.testng.reporters.JUnitReportReporter -->
<testsuite hostname="Subhash-PC" failures="0" tests="1" name="api.testCases.UserTest" time="4.296" errors="0" timestamp="2023-08-23T18:14:16 IST" skipped="0">
  <testcase classname="api.testCases.UserTest" name="testCreateUser" time="4.296"/>
  <system-out/>
</testsuite> <!-- api.testCases.UserTest -->
