<?xml version="1.0" encoding="UTF-8"?>
<!-- Generated by org.testng.reporters.JUnitReportReporter -->
<testsuite hostname="Subhash-PC" failures="0" tests="11" name="api.swagger.testCases.UserTestUsingTestData" time="22.447" errors="0" timestamp="2023-09-03T16:38:24 IST" skipped="0">
  <testcase classname="api.swagger.testCases.UserTestUsingTestData" name="testCreateUser" time="1.519"/>
  <system-out/>
  <testcase classname="api.swagger.testCases.UserTestUsingTestData" name="testCreateUser" time="5.148"/>
  <system-out/>
  <testcase classname="api.swagger.testCases.UserTestUsingTestData" name="testGetUser" time="1.549"/>
  <system-out/>
  <testcase classname="api.swagger.testCases.UserTestUsingTestData" name="testGetUser" time="1.464"/>
  <system-out/>
  <testcase classname="api.swagger.testCases.UserTestUsingTestData" name="testUpdateUser" time="1.530"/>
  <system-out/>
  <testcase classname="api.swagger.testCases.UserTestUsingTestData" name="testUpdateUser" time="1.434"/>
  <system-out/>
  <testcase classname="api.swagger.testCases.UserTestUsingTestData" name="testLoginUser" time="3.098"/>
  <system-out/>
  <testcase classname="api.swagger.testCases.UserTestUsingTestData" name="testLoginUser" time="1.651"/>
  <system-out/>
  <testcase classname="api.swagger.testCases.UserTestUsingTestData" name="testDeleteUser" time="2.289"/>
  <system-out/>
  <testcase classname="api.swagger.testCases.UserTestUsingTestData" name="testDeleteUser" time="1.328"/>
  <system-out/>
  <testcase classname="api.swagger.testCases.UserTestUsingTestData" name="logoutUser" time="1.437"/>
  <system-out/>
</testsuite> <!-- api.swagger.testCases.UserTestUsingTestData -->
